This file contains any messages produced by compilers while
running configure, to aid debugging if configure makes a mistake.

It was created by libliteidmef configure 0.1, which was
generated by GNU Autoconf 2.69.  Invocation command line was

  $ ./configure 

## --------- ##
## Platform. ##
## --------- ##

hostname = xanadu
uname -m = i686
uname -r = 3.2.0-4-686-pae
uname -s = Linux
uname -v = #1 SMP Debian 3.2.65-1+deb7u2

/usr/bin/uname -p = unknown
/bin/uname -X     = unknown

/bin/arch              = unknown
/usr/bin/arch -k       = unknown
/usr/convex/getsysinfo = unknown
/usr/bin/hostinfo      = unknown
/bin/machine           = unknown
/usr/bin/oslevel       = unknown
/bin/universe          = unknown

PATH: /usr/local/bin
PATH: /usr/bin
PATH: /bin
PATH: /usr/local/games
PATH: /usr/games
PATH: /opt/IFx/bin
PATH: /opt/IFx/com
PATH: /home/rlupu/workshop/ids/
PATH: /home/rlupu/workshop/ids/src/r-box/plugins/idmef_console


## ----------- ##
## Core tests. ##
## ----------- ##

configure:2302: checking for a BSD-compatible install
configure:2370: result: /usr/bin/install -c
configure:2381: checking whether build environment is sane
configure:2431: result: yes
configure:2572: checking for a thread-safe mkdir -p
configure:2611: result: /bin/mkdir -p
configure:2624: checking for gawk
configure:2654: result: no
configure:2624: checking for mawk
configure:2640: found /usr/bin/mawk
configure:2651: result: mawk
configure:2662: checking whether make sets $(MAKE)
configure:2684: result: yes
configure:2794: checking build system type
configure:2808: result: i686-pc-linux-gnu
configure:2828: checking host system type
configure:2841: result: i686-pc-linux-gnu
configure:2882: checking how to print strings
configure:2909: result: printf
configure:2942: checking for style of include used by make
configure:2970: result: GNU
configure:3041: checking for gcc
configure:3057: found /usr/bin/gcc
configure:3068: result: gcc
configure:3297: checking for C compiler version
configure:3306: gcc --version >&5
gcc (Debian 4.9.2-10) 4.9.2
Copyright (C) 2014 Free Software Foundation, Inc.
This is free software; see the source for copying conditions.  There is NO
warranty; not even for MERCHANTABILITY or FITNESS FOR A PARTICULAR PURPOSE.

configure:3317: $? = 0
configure:3306: gcc -v >&5
Using built-in specs.
COLLECT_GCC=gcc
COLLECT_LTO_WRAPPER=/usr/lib/gcc/i586-linux-gnu/4.9/lto-wrapper
Target: i586-linux-gnu
Configured with: ../src/configure -v --with-pkgversion='Debian 4.9.2-10' --with-bugurl=file:///usr/share/doc/gcc-4.9/README.Bugs --enable-languages=c,c++,java,go,d,fortran,objc,obj-c++ --prefix=/usr --program-suffix=-4.9 --enable-shared --enable-linker-build-id --libexecdir=/usr/lib --without-included-gettext --enable-threads=posix --with-gxx-include-dir=/usr/include/c++/4.9 --libdir=/usr/lib --enable-nls --with-sysroot=/ --enable-clocale=gnu --enable-libstdcxx-debug --enable-libstdcxx-time=yes --enable-gnu-unique-object --disable-vtable-verify --enable-plugin --with-system-zlib --disable-browser-plugin --enable-java-awt=gtk --enable-gtk-cairo --with-java-home=/usr/lib/jvm/java-1.5.0-gcj-4.9-i386/jre --enable-java-home --with-jvm-root-dir=/usr/lib/jvm/java-1.5.0-gcj-4.9-i386 --with-jvm-jar-dir=/usr/lib/jvm-exports/java-1.5.0-gcj-4.9-i386 --with-arch-directory=i386 --with-ecj-jar=/usr/share/java/eclipse-ecj.jar --enable-objc-gc --enable-targets=all --enable-multiarch --with-arch-32=i586 --with-multilib-list=m32,m64,mx32 --enable-multilib --with-tune=generic --enable-checking=release --build=i586-linux-gnu --host=i586-linux-gnu --target=i586-linux-gnu
Thread model: posix
gcc version 4.9.2 (Debian 4.9.2-10) 
configure:3317: $? = 0
configure:3306: gcc -V >&5
gcc: error: unrecognized command line option '-V'
gcc: fatal error: no input files
compilation terminated.
configure:3317: $? = 4
configure:3306: gcc -qversion >&5
gcc: error: unrecognized command line option '-qversion'
gcc: fatal error: no input files
compilation terminated.
configure:3317: $? = 4
configure:3337: checking whether the C compiler works
configure:3359: gcc    conftest.c  >&5
configure:3363: $? = 0
configure:3411: result: yes
configure:3414: checking for C compiler default output file name
configure:3416: result: a.out
configure:3422: checking for suffix of executables
configure:3429: gcc -o conftest    conftest.c  >&5
configure:3433: $? = 0
configure:3455: result: 
configure:3477: checking whether we are cross compiling
configure:3485: gcc -o conftest    conftest.c  >&5
configure:3489: $? = 0
configure:3496: ./conftest
configure:3500: $? = 0
configure:3515: result: no
configure:3520: checking for suffix of object files
configure:3542: gcc -c   conftest.c >&5
configure:3546: $? = 0
configure:3567: result: o
configure:3571: checking whether we are using the GNU C compiler
configure:3590: gcc -c   conftest.c >&5
configure:3590: $? = 0
configure:3599: result: yes
configure:3608: checking whether gcc accepts -g
configure:3628: gcc -c -g  conftest.c >&5
configure:3628: $? = 0
configure:3669: result: yes
configure:3686: checking for gcc option to accept ISO C89
configure:3749: gcc  -c -g -O2  conftest.c >&5
configure:3749: $? = 0
configure:3762: result: none needed
configure:3784: checking dependency style of gcc
configure:3895: result: gcc3
configure:3910: checking for a sed that does not truncate output
configure:3974: result: /bin/sed
configure:3992: checking for grep that handles long lines and -e
configure:4050: result: /bin/grep
configure:4055: checking for egrep
configure:4117: result: /bin/grep -E
configure:4122: checking for fgrep
configure:4184: result: /bin/grep -F
configure:4219: checking for ld used by gcc
configure:4286: result: /usr/bin/ld
configure:4293: checking if the linker (/usr/bin/ld) is GNU ld
configure:4308: result: yes
configure:4320: checking for BSD- or MS-compatible name lister (nm)
configure:4369: result: /usr/bin/nm -B
configure:4499: checking the name lister (/usr/bin/nm -B) interface
configure:4506: gcc -c -g -O2  conftest.c >&5
configure:4509: /usr/bin/nm -B "conftest.o"
configure:4512: output
00000000 B some_variable
configure:4519: result: BSD nm
configure:4522: checking whether ln -s works
configure:4526: result: yes
configure:4534: checking the maximum length of command line arguments
configure:4665: result: 1572864
configure:4682: checking whether the shell understands some XSI constructs
configure:4692: result: yes
configure:4696: checking whether the shell understands "+="
configure:4702: result: yes
configure:4737: checking how to convert i686-pc-linux-gnu file names to i686-pc-linux-gnu format
configure:4777: result: func_convert_file_noop
configure:4784: checking how to convert i686-pc-linux-gnu file names to toolchain format
configure:4804: result: func_convert_file_noop
configure:4811: checking for /usr/bin/ld option to reload object files
configure:4818: result: -r
configure:4892: checking for objdump
configure:4908: found /usr/bin/objdump
configure:4919: result: objdump
configure:4951: checking how to recognize dependent libraries
configure:5149: result: pass_all
configure:5234: checking for dlltool
configure:5264: result: no
configure:5294: checking how to associate runtime and link libraries
configure:5321: result: printf %s\n
configure:5382: checking for ar
configure:5398: found /usr/bin/ar
configure:5409: result: ar
configure:5446: checking for archiver @FILE support
configure:5463: gcc -c -g -O2  conftest.c >&5
configure:5463: $? = 0
configure:5466: ar cru libconftest.a @conftest.lst >&5
configure:5469: $? = 0
configure:5474: ar cru libconftest.a @conftest.lst >&5
ar: conftest.o: No such file or directory
configure:5477: $? = 1
configure:5489: result: @
configure:5547: checking for strip
configure:5563: found /usr/bin/strip
configure:5574: result: strip
configure:5646: checking for ranlib
configure:5662: found /usr/bin/ranlib
configure:5673: result: ranlib
configure:5775: checking command to parse /usr/bin/nm -B output from gcc object
configure:5895: gcc -c -g -O2  conftest.c >&5
configure:5898: $? = 0
configure:5902: /usr/bin/nm -B conftest.o \| sed -n -e 's/^.*[ ]\([ABCDGIRSTW][ABCDGIRSTW]*\)[ ][ ]*\([_A-Za-z][_A-Za-z0-9]*\)$/\1 \2 \2/p' | sed '/ __gnu_lto/d' \> conftest.nm
configure:5905: $? = 0
configure:5971: gcc -o conftest -g -O2   conftest.c conftstm.o >&5
configure:5974: $? = 0
configure:6012: result: ok
configure:6049: checking for sysroot
configure:6079: result: no
configure:6348: checking for mt
configure:6364: found /bin/mt
configure:6375: result: mt
configure:6398: checking if mt is a manifest tool
configure:6404: mt '-?'
configure:6412: result: no
configure:7054: checking how to run the C preprocessor
configure:7085: gcc -E  conftest.c
configure:7085: $? = 0
configure:7099: gcc -E  conftest.c
conftest.c:11:28: fatal error: ac_nonexistent.h: No such file or directory
 #include <ac_nonexistent.h>
                            ^
compilation terminated.
configure:7099: $? = 1
configure: failed program was:
| /* confdefs.h */
| #define PACKAGE_NAME "libliteidmef"
| #define PACKAGE_TARNAME "libliteidmef"
| #define PACKAGE_VERSION "0.1"
| #define PACKAGE_STRING "libliteidmef 0.1"
| #define PACKAGE_BUGREPORT "BUG-REPORT-ADDRESS"
| #define PACKAGE_URL ""
| #define PACKAGE "libliteidmef"
| #define VERSION "0.1"
| /* end confdefs.h.  */
| #include <ac_nonexistent.h>
configure:7124: result: gcc -E
configure:7144: gcc -E  conftest.c
configure:7144: $? = 0
configure:7158: gcc -E  conftest.c
conftest.c:11:28: fatal error: ac_nonexistent.h: No such file or directory
 #include <ac_nonexistent.h>
                            ^
compilation terminated.
configure:7158: $? = 1
configure: failed program was:
| /* confdefs.h */
| #define PACKAGE_NAME "libliteidmef"
| #define PACKAGE_TARNAME "libliteidmef"
| #define PACKAGE_VERSION "0.1"
| #define PACKAGE_STRING "libliteidmef 0.1"
| #define PACKAGE_BUGREPORT "BUG-REPORT-ADDRESS"
| #define PACKAGE_URL ""
| #define PACKAGE "libliteidmef"
| #define VERSION "0.1"
| /* end confdefs.h.  */
| #include <ac_nonexistent.h>
configure:7187: checking for ANSI C header files
configure:7207: gcc -c -g -O2  conftest.c >&5
configure:7207: $? = 0
configure:7280: gcc -o conftest -g -O2   conftest.c  >&5
configure:7280: $? = 0
configure:7280: ./conftest
configure:7280: $? = 0
configure:7291: result: yes
configure:7304: checking for sys/types.h
configure:7304: gcc -c -g -O2  conftest.c >&5
configure:7304: $? = 0
configure:7304: result: yes
configure:7304: checking for sys/stat.h
configure:7304: gcc -c -g -O2  conftest.c >&5
configure:7304: $? = 0
configure:7304: result: yes
configure:7304: checking for stdlib.h
configure:7304: gcc -c -g -O2  conftest.c >&5
configure:7304: $? = 0
configure:7304: result: yes
configure:7304: checking for string.h
configure:7304: gcc -c -g -O2  conftest.c >&5
configure:7304: $? = 0
configure:7304: result: yes
configure:7304: checking for memory.h
configure:7304: gcc -c -g -O2  conftest.c >&5
configure:7304: $? = 0
configure:7304: result: yes
configure:7304: checking for strings.h
configure:7304: gcc -c -g -O2  conftest.c >&5
configure:7304: $? = 0
configure:7304: result: yes
configure:7304: checking for inttypes.h
configure:7304: gcc -c -g -O2  conftest.c >&5
configure:7304: $? = 0
configure:7304: result: yes
configure:7304: checking for stdint.h
configure:7304: gcc -c -g -O2  conftest.c >&5
configure:7304: $? = 0
configure:7304: result: yes
configure:7304: checking for unistd.h
configure:7304: gcc -c -g -O2  conftest.c >&5
configure:7304: $? = 0
configure:7304: result: yes
configure:7318: checking for dlfcn.h
configure:7318: gcc -c -g -O2  conftest.c >&5
configure:7318: $? = 0
configure:7318: result: yes
configure:7524: checking for objdir
configure:7539: result: .libs
configure:7806: checking if gcc supports -fno-rtti -fno-exceptions
configure:7824: gcc -c -g -O2  -fno-rtti -fno-exceptions conftest.c >&5
cc1: warning: command line option '-fno-rtti' is valid for C++/ObjC++ but not for C
configure:7828: $? = 0
configure:7841: result: no
configure:8168: checking for gcc option to produce PIC
configure:8175: result: -fPIC -DPIC
configure:8183: checking if gcc PIC flag -fPIC -DPIC works
configure:8201: gcc -c -g -O2  -fPIC -DPIC -DPIC conftest.c >&5
configure:8205: $? = 0
configure:8218: result: yes
configure:8247: checking if gcc static flag -static works
configure:8275: result: yes
configure:8290: checking if gcc supports -c -o file.o
configure:8311: gcc -c -g -O2  -o out/conftest2.o conftest.c >&5
configure:8315: $? = 0
configure:8337: result: yes
configure:8345: checking if gcc supports -c -o file.o
configure:8392: result: yes
configure:8425: checking whether the gcc linker (/usr/bin/ld) supports shared libraries
configure:9582: result: yes
configure:9619: checking whether -lc should be explicitly linked in
configure:9627: gcc -c -g -O2  conftest.c >&5
configure:9630: $? = 0
configure:9645: gcc -shared  -fPIC -DPIC conftest.o  -v -Wl,-soname -Wl,conftest -o conftest 2\>\&1 \| /bin/grep  -lc  \>/dev/null 2\>\&1
configure:9648: $? = 0
configure:9662: result: no
configure:9822: checking dynamic linker characteristics
configure:10322: gcc -o conftest -g -O2   -Wl,-rpath -Wl,/foo conftest.c  >&5
configure:10322: $? = 0
configure:10556: result: GNU/Linux ld.so
configure:10663: checking how to hardcode library paths into programs
configure:10688: result: immediate
configure:11228: checking whether stripping libraries is possible
configure:11233: result: yes
configure:11268: checking if libtool supports shared libraries
configure:11270: result: yes
configure:11273: checking whether to build shared libraries
configure:11294: result: yes
configure:11297: checking whether to build static libraries
configure:11301: result: yes
configure:11392: checking for gcc
configure:11419: result: gcc
configure:11648: checking for C compiler version
configure:11657: gcc --version >&5
gcc (Debian 4.9.2-10) 4.9.2
Copyright (C) 2014 Free Software Foundation, Inc.
This is free software; see the source for copying conditions.  There is NO
warranty; not even for MERCHANTABILITY or FITNESS FOR A PARTICULAR PURPOSE.

configure:11668: $? = 0
configure:11657: gcc -v >&5
Using built-in specs.
COLLECT_GCC=gcc
COLLECT_LTO_WRAPPER=/usr/lib/gcc/i586-linux-gnu/4.9/lto-wrapper
Target: i586-linux-gnu
Configured with: ../src/configure -v --with-pkgversion='Debian 4.9.2-10' --with-bugurl=file:///usr/share/doc/gcc-4.9/README.Bugs --enable-languages=c,c++,java,go,d,fortran,objc,obj-c++ --prefix=/usr --program-suffix=-4.9 --enable-shared --enable-linker-build-id --libexecdir=/usr/lib --without-included-gettext --enable-threads=posix --with-gxx-include-dir=/usr/include/c++/4.9 --libdir=/usr/lib --enable-nls --with-sysroot=/ --enable-clocale=gnu --enable-libstdcxx-debug --enable-libstdcxx-time=yes --enable-gnu-unique-object --disable-vtable-verify --enable-plugin --with-system-zlib --disable-browser-plugin --enable-java-awt=gtk --enable-gtk-cairo --with-java-home=/usr/lib/jvm/java-1.5.0-gcj-4.9-i386/jre --enable-java-home --with-jvm-root-dir=/usr/lib/jvm/java-1.5.0-gcj-4.9-i386 --with-jvm-jar-dir=/usr/lib/jvm-exports/java-1.5.0-gcj-4.9-i386 --with-arch-directory=i386 --with-ecj-jar=/usr/share/java/eclipse-ecj.jar --enable-objc-gc --enable-targets=all --enable-multiarch --with-arch-32=i586 --with-multilib-list=m32,m64,mx32 --enable-multilib --with-tune=generic --enable-checking=release --build=i586-linux-gnu --host=i586-linux-gnu --target=i586-linux-gnu
Thread model: posix
gcc version 4.9.2 (Debian 4.9.2-10) 
configure:11668: $? = 0
configure:11657: gcc -V >&5
gcc: error: unrecognized command line option '-V'
gcc: fatal error: no input files
compilation terminated.
configure:11668: $? = 4
configure:11657: gcc -qversion >&5
gcc: error: unrecognized command line option '-qversion'
gcc: fatal error: no input files
compilation terminated.
configure:11668: $? = 4
configure:11672: checking whether we are using the GNU C compiler
configure:11700: result: yes
configure:11709: checking whether gcc accepts -g
configure:11770: result: yes
configure:11787: checking for gcc option to accept ISO C89
configure:11863: result: none needed
configure:11885: checking dependency style of gcc
configure:11996: result: gcc3
configure:12014: checking for main in -lpthread
configure:12033: gcc -o conftest -g -O2   conftest.c -lpthread   >&5
configure:12033: $? = 0
configure:12042: result: yes
configure:12058: checking arpa/inet.h usability
configure:12058: gcc -c -g -O2  conftest.c >&5
configure:12058: $? = 0
configure:12058: result: yes
configure:12058: checking arpa/inet.h presence
configure:12058: gcc -E  conftest.c
configure:12058: $? = 0
configure:12058: result: yes
configure:12058: checking for arpa/inet.h
configure:12058: result: yes
configure:12058: checking netinet/in.h usability
configure:12058: gcc -c -g -O2  conftest.c >&5
configure:12058: $? = 0
configure:12058: result: yes
configure:12058: checking netinet/in.h presence
configure:12058: gcc -E  conftest.c
configure:12058: $? = 0
configure:12058: result: yes
configure:12058: checking for netinet/in.h
configure:12058: result: yes
configure:12058: checking for stdint.h
configure:12058: result: yes
configure:12058: checking for stdlib.h
configure:12058: result: yes
configure:12058: checking for string.h
configure:12058: result: yes
configure:12058: checking sys/socket.h usability
configure:12058: gcc -c -g -O2  conftest.c >&5
configure:12058: $? = 0
configure:12058: result: yes
configure:12058: checking sys/socket.h presence
configure:12058: gcc -E  conftest.c
configure:12058: $? = 0
configure:12058: result: yes
configure:12058: checking for sys/socket.h
configure:12058: result: yes
configure:12058: checking sys/time.h usability
configure:12058: gcc -c -g -O2  conftest.c >&5
configure:12058: $? = 0
configure:12058: result: yes
configure:12058: checking sys/time.h presence
configure:12058: gcc -E  conftest.c
configure:12058: $? = 0
configure:12058: result: yes
configure:12058: checking for sys/time.h
configure:12058: result: yes
configure:12058: checking for unistd.h
configure:12058: result: yes
configure:12070: checking for inline
configure:12086: gcc -c -g -O2  conftest.c >&5
configure:12086: $? = 0
configure:12094: result: inline
configure:12112: checking for pid_t
configure:12112: gcc -c -g -O2  conftest.c >&5
configure:12112: $? = 0
configure:12112: gcc -c -g -O2  conftest.c >&5
conftest.c: In function 'main':
conftest.c:68:20: error: expected expression before ')' token
 if (sizeof ((pid_t)))
                    ^
configure:12112: $? = 1
configure: failed program was:
| /* confdefs.h */
| #define PACKAGE_NAME "libliteidmef"
| #define PACKAGE_TARNAME "libliteidmef"
| #define PACKAGE_VERSION "0.1"
| #define PACKAGE_STRING "libliteidmef 0.1"
| #define PACKAGE_BUGREPORT "BUG-REPORT-ADDRESS"
| #define PACKAGE_URL ""
| #define PACKAGE "libliteidmef"
| #define VERSION "0.1"
| #define STDC_HEADERS 1
| #define HAVE_SYS_TYPES_H 1
| #define HAVE_SYS_STAT_H 1
| #define HAVE_STDLIB_H 1
| #define HAVE_STRING_H 1
| #define HAVE_MEMORY_H 1
| #define HAVE_STRINGS_H 1
| #define HAVE_INTTYPES_H 1
| #define HAVE_STDINT_H 1
| #define HAVE_UNISTD_H 1
| #define HAVE_DLFCN_H 1
| #define LT_OBJDIR ".libs/"
| #define HAVE_LIBPTHREAD 1
| #define HAVE_ARPA_INET_H 1
| #define HAVE_NETINET_IN_H 1
| #define HAVE_STDINT_H 1
| #define HAVE_STDLIB_H 1
| #define HAVE_STRING_H 1
| #define HAVE_SYS_SOCKET_H 1
| #define HAVE_SYS_TIME_H 1
| #define HAVE_UNISTD_H 1
| /* end confdefs.h.  */
| #include <stdio.h>
| #ifdef HAVE_SYS_TYPES_H
| # include <sys/types.h>
| #endif
| #ifdef HAVE_SYS_STAT_H
| # include <sys/stat.h>
| #endif
| #ifdef STDC_HEADERS
| # include <stdlib.h>
| # include <stddef.h>
| #else
| # ifdef HAVE_STDLIB_H
| #  include <stdlib.h>
| # endif
| #endif
| #ifdef HAVE_STRING_H
| # if !defined STDC_HEADERS && defined HAVE_MEMORY_H
| #  include <memory.h>
| # endif
| # include <string.h>
| #endif
| #ifdef HAVE_STRINGS_H
| # include <strings.h>
| #endif
| #ifdef HAVE_INTTYPES_H
| # include <inttypes.h>
| #endif
| #ifdef HAVE_STDINT_H
| # include <stdint.h>
| #endif
| #ifdef HAVE_UNISTD_H
| # include <unistd.h>
| #endif
| int
| main ()
| {
| if (sizeof ((pid_t)))
| 	    return 0;
|   ;
|   return 0;
| }
configure:12112: result: yes
configure:12123: checking for ssize_t
configure:12123: gcc -c -g -O2  conftest.c >&5
configure:12123: $? = 0
configure:12123: gcc -c -g -O2  conftest.c >&5
conftest.c: In function 'main':
conftest.c:68:22: error: expected expression before ')' token
 if (sizeof ((ssize_t)))
                      ^
configure:12123: $? = 1
configure: failed program was:
| /* confdefs.h */
| #define PACKAGE_NAME "libliteidmef"
| #define PACKAGE_TARNAME "libliteidmef"
| #define PACKAGE_VERSION "0.1"
| #define PACKAGE_STRING "libliteidmef 0.1"
| #define PACKAGE_BUGREPORT "BUG-REPORT-ADDRESS"
| #define PACKAGE_URL ""
| #define PACKAGE "libliteidmef"
| #define VERSION "0.1"
| #define STDC_HEADERS 1
| #define HAVE_SYS_TYPES_H 1
| #define HAVE_SYS_STAT_H 1
| #define HAVE_STDLIB_H 1
| #define HAVE_STRING_H 1
| #define HAVE_MEMORY_H 1
| #define HAVE_STRINGS_H 1
| #define HAVE_INTTYPES_H 1
| #define HAVE_STDINT_H 1
| #define HAVE_UNISTD_H 1
| #define HAVE_DLFCN_H 1
| #define LT_OBJDIR ".libs/"
| #define HAVE_LIBPTHREAD 1
| #define HAVE_ARPA_INET_H 1
| #define HAVE_NETINET_IN_H 1
| #define HAVE_STDINT_H 1
| #define HAVE_STDLIB_H 1
| #define HAVE_STRING_H 1
| #define HAVE_SYS_SOCKET_H 1
| #define HAVE_SYS_TIME_H 1
| #define HAVE_UNISTD_H 1
| /* end confdefs.h.  */
| #include <stdio.h>
| #ifdef HAVE_SYS_TYPES_H
| # include <sys/types.h>
| #endif
| #ifdef HAVE_SYS_STAT_H
| # include <sys/stat.h>
| #endif
| #ifdef STDC_HEADERS
| # include <stdlib.h>
| # include <stddef.h>
| #else
| # ifdef HAVE_STDLIB_H
| #  include <stdlib.h>
| # endif
| #endif
| #ifdef HAVE_STRING_H
| # if !defined STDC_HEADERS && defined HAVE_MEMORY_H
| #  include <memory.h>
| # endif
| # include <string.h>
| #endif
| #ifdef HAVE_STRINGS_H
| # include <strings.h>
| #endif
| #ifdef HAVE_INTTYPES_H
| # include <inttypes.h>
| #endif
| #ifdef HAVE_STDINT_H
| # include <stdint.h>
| #endif
| #ifdef HAVE_UNISTD_H
| # include <unistd.h>
| #endif
| int
| main ()
| {
| if (sizeof ((ssize_t)))
| 	    return 0;
|   ;
|   return 0;
| }
configure:12123: result: yes
configure:12138: checking vfork.h usability
configure:12138: gcc -c -g -O2  conftest.c >&5
conftest.c:65:19: fatal error: vfork.h: No such file or directory
 #include <vfork.h>
                   ^
compilation terminated.
configure:12138: $? = 1
configure: failed program was:
| /* confdefs.h */
| #define PACKAGE_NAME "libliteidmef"
| #define PACKAGE_TARNAME "libliteidmef"
| #define PACKAGE_VERSION "0.1"
| #define PACKAGE_STRING "libliteidmef 0.1"
| #define PACKAGE_BUGREPORT "BUG-REPORT-ADDRESS"
| #define PACKAGE_URL ""
| #define PACKAGE "libliteidmef"
| #define VERSION "0.1"
| #define STDC_HEADERS 1
| #define HAVE_SYS_TYPES_H 1
| #define HAVE_SYS_STAT_H 1
| #define HAVE_STDLIB_H 1
| #define HAVE_STRING_H 1
| #define HAVE_MEMORY_H 1
| #define HAVE_STRINGS_H 1
| #define HAVE_INTTYPES_H 1
| #define HAVE_STDINT_H 1
| #define HAVE_UNISTD_H 1
| #define HAVE_DLFCN_H 1
| #define LT_OBJDIR ".libs/"
| #define HAVE_LIBPTHREAD 1
| #define HAVE_ARPA_INET_H 1
| #define HAVE_NETINET_IN_H 1
| #define HAVE_STDINT_H 1
| #define HAVE_STDLIB_H 1
| #define HAVE_STRING_H 1
| #define HAVE_SYS_SOCKET_H 1
| #define HAVE_SYS_TIME_H 1
| #define HAVE_UNISTD_H 1
| /* end confdefs.h.  */
| #include <stdio.h>
| #ifdef HAVE_SYS_TYPES_H
| # include <sys/types.h>
| #endif
| #ifdef HAVE_SYS_STAT_H
| # include <sys/stat.h>
| #endif
| #ifdef STDC_HEADERS
| # include <stdlib.h>
| # include <stddef.h>
| #else
| # ifdef HAVE_STDLIB_H
| #  include <stdlib.h>
| # endif
| #endif
| #ifdef HAVE_STRING_H
| # if !defined STDC_HEADERS && defined HAVE_MEMORY_H
| #  include <memory.h>
| # endif
| # include <string.h>
| #endif
| #ifdef HAVE_STRINGS_H
| # include <strings.h>
| #endif
| #ifdef HAVE_INTTYPES_H
| # include <inttypes.h>
| #endif
| #ifdef HAVE_STDINT_H
| # include <stdint.h>
| #endif
| #ifdef HAVE_UNISTD_H
| # include <unistd.h>
| #endif
| #include <vfork.h>
configure:12138: result: no
configure:12138: checking vfork.h presence
configure:12138: gcc -E  conftest.c
conftest.c:32:19: fatal error: vfork.h: No such file or directory
 #include <vfork.h>
                   ^
compilation terminated.
configure:12138: $? = 1
configure: failed program was:
| /* confdefs.h */
| #define PACKAGE_NAME "libliteidmef"
| #define PACKAGE_TARNAME "libliteidmef"
| #define PACKAGE_VERSION "0.1"
| #define PACKAGE_STRING "libliteidmef 0.1"
| #define PACKAGE_BUGREPORT "BUG-REPORT-ADDRESS"
| #define PACKAGE_URL ""
| #define PACKAGE "libliteidmef"
| #define VERSION "0.1"
| #define STDC_HEADERS 1
| #define HAVE_SYS_TYPES_H 1
| #define HAVE_SYS_STAT_H 1
| #define HAVE_STDLIB_H 1
| #define HAVE_STRING_H 1
| #define HAVE_MEMORY_H 1
| #define HAVE_STRINGS_H 1
| #define HAVE_INTTYPES_H 1
| #define HAVE_STDINT_H 1
| #define HAVE_UNISTD_H 1
| #define HAVE_DLFCN_H 1
| #define LT_OBJDIR ".libs/"
| #define HAVE_LIBPTHREAD 1
| #define HAVE_ARPA_INET_H 1
| #define HAVE_NETINET_IN_H 1
| #define HAVE_STDINT_H 1
| #define HAVE_STDLIB_H 1
| #define HAVE_STRING_H 1
| #define HAVE_SYS_SOCKET_H 1
| #define HAVE_SYS_TIME_H 1
| #define HAVE_UNISTD_H 1
| /* end confdefs.h.  */
| #include <vfork.h>
configure:12138: result: no
configure:12138: checking for vfork.h
configure:12138: result: no
configure:12151: checking for fork
configure:12151: gcc -o conftest -g -O2   conftest.c -lpthread  >&5
conftest.c:55:6: warning: conflicting types for built-in function 'fork'
 char fork ();
      ^
configure:12151: $? = 0
configure:12151: result: yes
configure:12151: checking for vfork
configure:12151: gcc -o conftest -g -O2   conftest.c -lpthread  >&5
configure:12151: $? = 0
configure:12151: result: yes
configure:12161: checking for working fork
configure:12183: gcc -o conftest -g -O2   conftest.c -lpthread  >&5
configure:12183: $? = 0
configure:12183: ./conftest
configure:12183: $? = 0
configure:12193: result: yes
configure:12214: checking for working vfork
configure:12324: result: yes
configure:12351: checking for stdlib.h
configure:12351: result: yes
configure:12361: checking for GNU libc compatible malloc
configure:12385: gcc -o conftest -g -O2   conftest.c -lpthread  >&5
configure:12385: $? = 0
configure:12385: ./conftest
configure:12385: $? = 0
configure:12395: result: yes
configure:12419: checking for gettimeofday
configure:12419: gcc -o conftest -g -O2   conftest.c -lpthread  >&5
configure:12419: $? = 0
configure:12419: result: yes
configure:12419: checking for inet_ntoa
configure:12419: gcc -o conftest -g -O2   conftest.c -lpthread  >&5
configure:12419: $? = 0
configure:12419: result: yes
configure:12419: checking for memset
configure:12419: gcc -o conftest -g -O2   conftest.c -lpthread  >&5
conftest.c:63:6: warning: conflicting types for built-in function 'memset'
 char memset ();
      ^
configure:12419: $? = 0
configure:12419: result: yes
configure:12419: checking for socket
configure:12419: gcc -o conftest -g -O2   conftest.c -lpthread  >&5
configure:12419: $? = 0
configure:12419: result: yes
configure:12419: checking for strerror
configure:12419: gcc -o conftest -g -O2   conftest.c -lpthread  >&5
configure:12419: $? = 0
configure:12419: result: yes
configure:12419: checking for strncasecmp
configure:12419: gcc -o conftest -g -O2   conftest.c -lpthread  >&5
conftest.c:66:6: warning: conflicting types for built-in function 'strncasecmp'
 char strncasecmp ();
      ^
configure:12419: $? = 0
configure:12419: result: yes
configure:12592: creating ./config.status

## ---------------------- ##
## Running config.status. ##
## ---------------------- ##

This file was extended by libliteidmef config.status 0.1, which was
generated by GNU Autoconf 2.69.  Invocation command line was

  CONFIG_FILES    = 
  CONFIG_HEADERS  = 
  CONFIG_LINKS    = 
  CONFIG_COMMANDS = 
  $ ./config.status 

on xanadu

config.status:1104: creating Makefile
config.status:1104: creating src/Makefile
config.status:1104: creating test/Makefile
config.status:1104: creating src/libliteidmef-0.1.pc
config.status:1104: creating config.h
config.status:1333: executing depfiles commands
config.status:1333: executing libtool commands

## ---------------- ##
## Cache variables. ##
## ---------------- ##

ac_cv_build=i686-pc-linux-gnu
ac_cv_c_compiler_gnu=yes
ac_cv_c_inline=inline
ac_cv_env_CC_set=
ac_cv_env_CC_value=
ac_cv_env_CFLAGS_set=
ac_cv_env_CFLAGS_value=
ac_cv_env_CPPFLAGS_set=
ac_cv_env_CPPFLAGS_value=
ac_cv_env_CPP_set=
ac_cv_env_CPP_value=
ac_cv_env_LDFLAGS_set=
ac_cv_env_LDFLAGS_value=
ac_cv_env_LIBS_set=
ac_cv_env_LIBS_value=
ac_cv_env_build_alias_set=
ac_cv_env_build_alias_value=
ac_cv_env_host_alias_set=
ac_cv_env_host_alias_value=
ac_cv_env_target_alias_set=
ac_cv_env_target_alias_value=
ac_cv_func_fork=yes
ac_cv_func_fork_works=yes
ac_cv_func_gettimeofday=yes
ac_cv_func_inet_ntoa=yes
ac_cv_func_malloc_0_nonnull=yes
ac_cv_func_memset=yes
ac_cv_func_socket=yes
ac_cv_func_strerror=yes
ac_cv_func_strncasecmp=yes
ac_cv_func_vfork=yes
ac_cv_func_vfork_works=yes
ac_cv_header_arpa_inet_h=yes
ac_cv_header_dlfcn_h=yes
ac_cv_header_inttypes_h=yes
ac_cv_header_memory_h=yes
ac_cv_header_netinet_in_h=yes
ac_cv_header_stdc=yes
ac_cv_header_stdint_h=yes
ac_cv_header_stdlib_h=yes
ac_cv_header_string_h=yes
ac_cv_header_strings_h=yes
ac_cv_header_sys_socket_h=yes
ac_cv_header_sys_stat_h=yes
ac_cv_header_sys_time_h=yes
ac_cv_header_sys_types_h=yes
ac_cv_header_unistd_h=yes
ac_cv_header_vfork_h=no
ac_cv_host=i686-pc-linux-gnu
ac_cv_lib_pthread_main=yes
ac_cv_objext=o
ac_cv_path_EGREP='/bin/grep -E'
ac_cv_path_FGREP='/bin/grep -F'
ac_cv_path_GREP=/bin/grep
ac_cv_path_SED=/bin/sed
ac_cv_path_install='/usr/bin/install -c'
ac_cv_path_mkdir=/bin/mkdir
ac_cv_prog_AWK=mawk
ac_cv_prog_CPP='gcc -E'
ac_cv_prog_ac_ct_AR=ar
ac_cv_prog_ac_ct_CC=gcc
ac_cv_prog_ac_ct_MANIFEST_TOOL=mt
ac_cv_prog_ac_ct_OBJDUMP=objdump
ac_cv_prog_ac_ct_RANLIB=ranlib
ac_cv_prog_ac_ct_STRIP=strip
ac_cv_prog_cc_c89=
ac_cv_prog_cc_g=yes
ac_cv_prog_make_make_set=yes
ac_cv_type_pid_t=yes
ac_cv_type_ssize_t=yes
am_cv_CC_dependencies_compiler_type=gcc3
lt_cv_ar_at_file=@
lt_cv_archive_cmds_need_lc=no
lt_cv_deplibs_check_method=pass_all
lt_cv_file_magic_cmd='$MAGIC_CMD'
lt_cv_file_magic_test_file=
lt_cv_ld_reload_flag=-r
lt_cv_nm_interface='BSD nm'
lt_cv_objdir=.libs
lt_cv_path_LD=/usr/bin/ld
lt_cv_path_NM='/usr/bin/nm -B'
lt_cv_path_mainfest_tool=no
lt_cv_prog_compiler_c_o=yes
lt_cv_prog_compiler_pic='-fPIC -DPIC'
lt_cv_prog_compiler_pic_works=yes
lt_cv_prog_compiler_rtti_exceptions=no
lt_cv_prog_compiler_static_works=yes
lt_cv_prog_gnu_ld=yes
lt_cv_sharedlib_from_linklib_cmd='printf %s\n'
lt_cv_shlibpath_overrides_runpath=no
lt_cv_sys_global_symbol_pipe='sed -n -e '\''s/^.*[	 ]\([ABCDGIRSTW][ABCDGIRSTW]*\)[	 ][	 ]*\([_A-Za-z][_A-Za-z0-9]*\)$/\1 \2 \2/p'\'' | sed '\''/ __gnu_lto/d'\'''
lt_cv_sys_global_symbol_to_c_name_address='sed -n -e '\''s/^: \([^ ]*\)[ ]*$/  {\"\1\", (void *) 0},/p'\'' -e '\''s/^[ABCDGIRSTW]* \([^ ]*\) \([^ ]*\)$/  {"\2", (void *) \&\2},/p'\'''
lt_cv_sys_global_symbol_to_c_name_address_lib_prefix='sed -n -e '\''s/^: \([^ ]*\)[ ]*$/  {\"\1\", (void *) 0},/p'\'' -e '\''s/^[ABCDGIRSTW]* \([^ ]*\) \(lib[^ ]*\)$/  {"\2", (void *) \&\2},/p'\'' -e '\''s/^[ABCDGIRSTW]* \([^ ]*\) \([^ ]*\)$/  {"lib\2", (void *) \&\2},/p'\'''
lt_cv_sys_global_symbol_to_cdecl='sed -n -e '\''s/^T .* \(.*\)$/extern int \1();/p'\'' -e '\''s/^[ABCDGIRSTW]* .* \(.*\)$/extern char \1;/p'\'''
lt_cv_sys_max_cmd_len=1572864
lt_cv_to_host_file_cmd=func_convert_file_noop
lt_cv_to_tool_file_cmd=func_convert_file_noop

## ----------------- ##
## Output variables. ##
## ----------------- ##

ACLOCAL='${SHELL} /home/rlupu/workshop/libliteidmef/missing --run aclocal-1.11'
AMDEPBACKSLASH='\'
AMDEP_FALSE='#'
AMDEP_TRUE=''
AMTAR='$${TAR-tar}'
AR='ar'
AUTOCONF='${SHELL} /home/rlupu/workshop/libliteidmef/missing --run autoconf'
AUTOHEADER='${SHELL} /home/rlupu/workshop/libliteidmef/missing --run autoheader'
AUTOMAKE='${SHELL} /home/rlupu/workshop/libliteidmef/missing --run automake-1.11'
AWK='mawk'
CC='gcc'
CCDEPMODE='depmode=gcc3'
CFLAGS='-g -O2'
CPP='gcc -E'
CPPFLAGS=''
CYGPATH_W='echo'
DEBUG=''
DEBUG_FALSE=''
DEBUG_TRUE='#'
DEFS='-DHAVE_CONFIG_H'
DEPDIR='.deps'
DLLTOOL='false'
DSYMUTIL=''
DUMPBIN=''
ECHO_C=''
ECHO_N='-n'
ECHO_T=''
EGREP='/bin/grep -E'
EXEEXT=''
FGREP='/bin/grep -F'
GREP='/bin/grep'
INSTALL_DATA='${INSTALL} -m 644'
INSTALL_PROGRAM='${INSTALL}'
INSTALL_SCRIPT='${INSTALL}'
INSTALL_STRIP_PROGRAM='$(install_sh) -c -s'
LD='/usr/bin/ld'
LDFLAGS=''
LIBOBJS=''
LIBS='-lpthread '
LIBTOOL='$(SHELL) $(top_builddir)/libtool'
LIPO=''
LN_S='ln -s'
LTLIBOBJS=''
MAKEINFO='${SHELL} /home/rlupu/workshop/libliteidmef/missing --run makeinfo'
MANIFEST_TOOL=':'
MKDIR_P='/bin/mkdir -p'
NM='/usr/bin/nm -B'
NMEDIT=''
OBJDUMP='objdump'
OBJEXT='o'
OTOOL64=''
OTOOL=''
PACKAGE='libliteidmef'
PACKAGE_BUGREPORT='BUG-REPORT-ADDRESS'
PACKAGE_NAME='libliteidmef'
PACKAGE_STRING='libliteidmef 0.1'
PACKAGE_TARNAME='libliteidmef'
PACKAGE_URL=''
PACKAGE_VERSION='0.1'
PATH_SEPARATOR=':'
RANLIB='ranlib'
SED='/bin/sed'
SET_MAKE=''
SHELL='/bin/bash'
STRIP='strip'
VERSION='0.1'
ac_ct_AR='ar'
ac_ct_CC='gcc'
ac_ct_DUMPBIN=''
am__EXEEXT_FALSE=''
am__EXEEXT_TRUE='#'
am__fastdepCC_FALSE='#'
am__fastdepCC_TRUE=''
am__include='include'
am__isrc=''
am__leading_dot='.'
am__nodep='_no'
am__quote=''
am__tar='$${TAR-tar} chof - "$$tardir"'
am__untar='$${TAR-tar} xf -'
bindir='${exec_prefix}/bin'
build='i686-pc-linux-gnu'
build_alias=''
build_cpu='i686'
build_os='linux-gnu'
build_vendor='pc'
datadir='${datarootdir}'
datarootdir='${prefix}/share'
docdir='${datarootdir}/doc/${PACKAGE_TARNAME}'
dvidir='${docdir}'
enable_debug='false'
exec_prefix='${prefix}'
host='i686-pc-linux-gnu'
host_alias=''
host_cpu='i686'
host_os='linux-gnu'
host_vendor='pc'
htmldir='${docdir}'
includedir='${prefix}/include'
infodir='${datarootdir}/info'
install_sh='${SHELL} /home/rlupu/workshop/libliteidmef/install-sh'
libdir='${exec_prefix}/lib'
libexecdir='${exec_prefix}/libexec'
localedir='${datarootdir}/locale'
localstatedir='${prefix}/var'
mandir='${datarootdir}/man'
mkdir_p='/bin/mkdir -p'
oldincludedir='/usr/include'
pdfdir='${docdir}'
prefix='/usr/local'
program_transform_name='s,x,x,'
psdir='${docdir}'
sbindir='${exec_prefix}/sbin'
sharedstatedir='${prefix}/com'
sysconfdir='${prefix}/etc'
target_alias=''

## ----------- ##
## confdefs.h. ##
## ----------- ##

/* confdefs.h */
#define PACKAGE_NAME "libliteidmef"
#define PACKAGE_TARNAME "libliteidmef"
#define PACKAGE_VERSION "0.1"
#define PACKAGE_STRING "libliteidmef 0.1"
#define PACKAGE_BUGREPORT "BUG-REPORT-ADDRESS"
#define PACKAGE_URL ""
#define PACKAGE "libliteidmef"
#define VERSION "0.1"
#define STDC_HEADERS 1
#define HAVE_SYS_TYPES_H 1
#define HAVE_SYS_STAT_H 1
#define HAVE_STDLIB_H 1
#define HAVE_STRING_H 1
#define HAVE_MEMORY_H 1
#define HAVE_STRINGS_H 1
#define HAVE_INTTYPES_H 1
#define HAVE_STDINT_H 1
#define HAVE_UNISTD_H 1
#define HAVE_DLFCN_H 1
#define LT_OBJDIR ".libs/"
#define HAVE_LIBPTHREAD 1
#define HAVE_ARPA_INET_H 1
#define HAVE_NETINET_IN_H 1
#define HAVE_STDINT_H 1
#define HAVE_STDLIB_H 1
#define HAVE_STRING_H 1
#define HAVE_SYS_SOCKET_H 1
#define HAVE_SYS_TIME_H 1
#define HAVE_UNISTD_H 1
#define HAVE_FORK 1
#define HAVE_VFORK 1
#define HAVE_WORKING_VFORK 1
#define HAVE_WORKING_FORK 1
#define HAVE_STDLIB_H 1
#define HAVE_MALLOC 1
#define HAVE_GETTIMEOFDAY 1
#define HAVE_INET_NTOA 1
#define HAVE_MEMSET 1
#define HAVE_SOCKET 1
#define HAVE_STRERROR 1
#define HAVE_STRNCASECMP 1

configure: exit 0

## ---------------------- ##
## Running config.status. ##
## ---------------------- ##

This file was extended by libliteidmef config.status 0.1, which was
generated by GNU Autoconf 2.69.  Invocation command line was

  CONFIG_FILES    = 
  CONFIG_HEADERS  = 
  CONFIG_LINKS    = 
  CONFIG_COMMANDS = 
  $ ./config.status config.h

on xanadu

config.status:1104: creating config.h
config.status:1285: config.h is unchanged

## ---------------------- ##
## Running config.status. ##
## ---------------------- ##

This file was extended by libliteidmef config.status 0.1, which was
generated by GNU Autoconf 2.69.  Invocation command line was

  CONFIG_FILES    = 
  CONFIG_HEADERS  = 
  CONFIG_LINKS    = 
  CONFIG_COMMANDS = 
  $ ./config.status config.h

on xanadu

config.status:1104: creating config.h
config.status:1285: config.h is unchanged

## ---------------------- ##
## Running config.status. ##
## ---------------------- ##

This file was extended by libliteidmef config.status 0.1, which was
generated by GNU Autoconf 2.69.  Invocation command line was

  CONFIG_FILES    = 
  CONFIG_HEADERS  = 
  CONFIG_LINKS    = 
  CONFIG_COMMANDS = 
  $ ./config.status config.h

on xanadu

config.status:1104: creating config.h
config.status:1285: config.h is unchanged

## ---------------------- ##
## Running config.status. ##
## ---------------------- ##

This file was extended by libliteidmef config.status 0.1, which was
generated by GNU Autoconf 2.69.  Invocation command line was

  CONFIG_FILES    = 
  CONFIG_HEADERS  = 
  CONFIG_LINKS    = 
  CONFIG_COMMANDS = 
  $ ./config.status config.h

on xanadu

config.status:1104: creating config.h
config.status:1285: config.h is unchanged

## ---------------------- ##
## Running config.status. ##
## ---------------------- ##

This file was extended by libliteidmef config.status 0.1, which was
generated by GNU Autoconf 2.69.  Invocation command line was

  CONFIG_FILES    = 
  CONFIG_HEADERS  = 
  CONFIG_LINKS    = 
  CONFIG_COMMANDS = 
  $ ./config.status src/libliteidmef-0.1.pc

on xanadu

config.status:1104: creating src/libliteidmef-0.1.pc
